TN:
SF:src/Funko-App/Coleccion.ts
FN:14,Coleccion
FN:21,get getTamColeccion
FN:30,añadir
FN:50,modificar
FN:68,eliminar
FN:85,listar
FN:99,mostrarFunko
FNF:7
FNH:5
FNDA:8,Coleccion
FNDA:4,get getTamColeccion
FNDA:6,añadir
FNDA:4,modificar
FNDA:4,eliminar
FNDA:0,listar
FNDA:0,mostrarFunko
DA:1,1
DA:2,1
DA:3,1
DA:4,1
DA:5,1
DA:6,1
DA:7,1
DA:8,1
DA:9,1
DA:10,1
DA:11,1
DA:12,1
DA:13,1
DA:14,1
DA:15,8
DA:16,8
DA:17,1
DA:18,1
DA:19,1
DA:20,1
DA:21,1
DA:22,4
DA:23,4
DA:24,1
DA:25,1
DA:26,1
DA:27,1
DA:28,1
DA:29,1
DA:30,1
DA:31,6
DA:32,6
DA:33,2
DA:34,2
DA:35,2
DA:36,6
DA:37,6
DA:38,6
DA:39,4
DA:40,4
DA:41,6
DA:42,6
DA:43,1
DA:44,1
DA:45,1
DA:46,1
DA:47,1
DA:48,1
DA:49,1
DA:50,1
DA:51,4
DA:52,4
DA:53,4
DA:54,4
DA:55,2
DA:56,2
DA:57,2
DA:58,4
DA:59,4
DA:60,4
DA:61,4
DA:62,1
DA:63,1
DA:64,1
DA:65,1
DA:66,1
DA:67,1
DA:68,1
DA:69,4
DA:70,4
DA:71,4
DA:72,4
DA:73,2
DA:74,2
DA:75,2
DA:76,4
DA:77,4
DA:78,4
DA:79,4
DA:80,1
DA:81,1
DA:82,1
DA:83,1
DA:84,1
DA:85,1
DA:86,0
DA:87,0
DA:88,0
DA:89,0
DA:90,0
DA:91,0
DA:92,0
DA:93,0
DA:94,1
DA:95,1
DA:96,1
DA:97,1
DA:98,1
DA:99,1
DA:100,0
DA:101,0
DA:102,0
DA:103,0
DA:104,0
DA:105,0
DA:106,0
DA:107,0
DA:108,0
DA:109,1
LF:109
LH:92
BRDA:14,0,0,8
BRDA:21,1,0,4
BRDA:30,2,0,6
BRDA:38,3,0,4
BRDA:32,4,0,2
BRDA:50,5,0,4
BRDA:53,6,0,4
BRDA:54,7,0,2
BRDA:68,8,0,4
BRDA:71,9,0,4
BRDA:72,10,0,2
BRF:11
BRH:11
end_of_record
TN:
SF:src/Funko-App/Funko.ts
FN:22,Funko
FN:38,get getID
FN:45,get getNombre
FN:52,get getDesc
FN:59,get getTipo
FN:66,get getGenero
FN:73,get getFranquicia
FN:80,get getNumero
FN:87,get getEsExclusivo
FN:94,get getCaracteristicas
FN:101,get getValor
FN:112,valorMercado
FN:131,informacion
FNF:13
FNH:12
FNDA:13,Funko
FNDA:20,get getID
FNDA:1,get getNombre
FNDA:1,get getDesc
FNDA:1,get getTipo
FNDA:1,get getGenero
FNDA:1,get getFranquicia
FNDA:1,get getNumero
FNDA:2,get getEsExclusivo
FNDA:1,get getCaracteristicas
FNDA:1,get getValor
FNDA:4,valorMercado
FNDA:0,informacion
DA:1,1
DA:2,1
DA:3,1
DA:4,1
DA:5,1
DA:6,1
DA:7,1
DA:8,1
DA:9,1
DA:10,1
DA:11,1
DA:12,1
DA:13,1
DA:14,1
DA:15,1
DA:16,1
DA:17,1
DA:18,1
DA:19,1
DA:20,1
DA:21,1
DA:22,1
DA:23,13
DA:24,13
DA:25,13
DA:26,13
DA:27,13
DA:28,13
DA:29,13
DA:30,13
DA:31,13
DA:32,13
DA:33,13
DA:34,1
DA:35,1
DA:36,1
DA:37,1
DA:38,1
DA:39,20
DA:40,20
DA:41,1
DA:42,1
DA:43,1
DA:44,1
DA:45,1
DA:46,1
DA:47,1
DA:48,1
DA:49,1
DA:50,1
DA:51,1
DA:52,1
DA:53,1
DA:54,1
DA:55,1
DA:56,1
DA:57,1
DA:58,1
DA:59,1
DA:60,1
DA:61,1
DA:62,1
DA:63,1
DA:64,1
DA:65,1
DA:66,1
DA:67,1
DA:68,1
DA:69,1
DA:70,1
DA:71,1
DA:72,1
DA:73,1
DA:74,1
DA:75,1
DA:76,1
DA:77,1
DA:78,1
DA:79,1
DA:80,1
DA:81,1
DA:82,1
DA:83,1
DA:84,1
DA:85,1
DA:86,1
DA:87,1
DA:88,2
DA:89,2
DA:90,1
DA:91,1
DA:92,1
DA:93,1
DA:94,1
DA:95,1
DA:96,1
DA:97,1
DA:98,1
DA:99,1
DA:100,1
DA:101,1
DA:102,1
DA:103,1
DA:104,1
DA:105,1
DA:106,1
DA:107,1
DA:108,1
DA:109,1
DA:110,1
DA:111,1
DA:112,1
DA:113,4
DA:114,1
DA:115,1
DA:116,3
DA:117,4
DA:118,1
DA:119,1
DA:120,2
DA:121,4
DA:122,1
DA:123,1
DA:124,1
DA:125,1
DA:126,1
DA:127,1
DA:128,1
DA:129,1
DA:130,1
DA:131,1
DA:132,0
DA:133,0
DA:134,0
DA:135,0
DA:136,0
DA:137,0
DA:138,0
DA:139,0
DA:140,0
DA:141,0
DA:142,0
DA:143,0
DA:144,0
DA:145,0
DA:146,0
DA:147,0
DA:148,0
DA:149,0
DA:150,0
DA:151,0
DA:152,0
DA:153,0
DA:154,0
DA:155,0
DA:156,0
DA:157,0
DA:158,0
DA:159,1
LF:159
LH:132
BRDA:22,0,0,13
BRDA:38,1,0,20
BRDA:45,2,0,1
BRDA:52,3,0,1
BRDA:59,4,0,1
BRDA:66,5,0,1
BRDA:73,6,0,1
BRDA:80,7,0,1
BRDA:87,8,0,2
BRDA:94,9,0,1
BRDA:101,10,0,1
BRDA:112,11,0,4
BRDA:113,12,0,1
BRDA:116,13,0,3
BRDA:117,14,0,1
BRDA:117,15,0,1
BRDA:120,16,0,2
BRDA:121,17,0,1
BRDA:121,18,0,1
BRF:19
BRH:19
end_of_record
TN:
SF:src/Funko-App/Usuario.ts
FN:21,Usuario
FN:57,get getNombre
FN:64,get getFunkos
FN:74,añadirFunko
FN:91,modificarFunko
FN:109,eliminarFunkoXID
FN:123,listarTusFunkos
FN:131,mostrarFunko
FN:140,existeRuta
FNF:9
FNH:7
FNDA:2,Usuario
FNDA:4,get getNombre
FNDA:4,get getFunkos
FNDA:2,añadirFunko
FNDA:2,modificarFunko
FNDA:2,eliminarFunkoXID
FNDA:0,listarTusFunkos
FNDA:0,mostrarFunko
FNDA:4,existeRuta
DA:1,1
DA:2,1
DA:3,1
DA:4,1
DA:5,1
DA:6,1
DA:7,1
DA:8,1
DA:9,1
DA:10,1
DA:11,1
DA:12,1
DA:13,1
DA:14,1
DA:15,1
DA:16,1
DA:17,1
DA:18,1
DA:19,1
DA:20,1
DA:21,1
DA:22,2
DA:23,2
DA:24,2
DA:25,2
DA:26,2
DA:27,2
DA:28,2
DA:29,2
DA:30,2
DA:31,2
DA:32,0
DA:33,0
DA:34,0
DA:35,0
DA:36,0
DA:37,0
DA:38,0
DA:39,0
DA:40,0
DA:41,0
DA:42,0
DA:43,0
DA:44,0
DA:45,0
DA:46,0
DA:47,0
DA:48,2
DA:49,0
DA:50,0
DA:51,0
DA:52,2
DA:53,1
DA:54,1
DA:55,1
DA:56,1
DA:57,1
DA:58,4
DA:59,4
DA:60,1
DA:61,1
DA:62,1
DA:63,1
DA:64,1
DA:65,4
DA:66,4
DA:67,1
DA:68,1
DA:69,1
DA:70,1
DA:71,1
DA:72,1
DA:73,1
DA:74,1
DA:75,2
DA:76,1
DA:77,1
DA:78,1
DA:79,1
DA:80,1
DA:81,1
DA:82,1
DA:83,1
DA:84,2
DA:85,1
DA:86,1
DA:87,1
DA:88,1
DA:89,1
DA:90,1
DA:91,1
DA:92,2
DA:93,1
DA:94,1
DA:95,1
DA:96,1
DA:97,1
DA:98,1
DA:99,1
DA:100,1
DA:101,1
DA:102,2
DA:103,1
DA:104,1
DA:105,1
DA:106,1
DA:107,1
DA:108,1
DA:109,1
DA:110,2
DA:111,1
DA:112,1
DA:113,1
DA:114,1
DA:115,1
DA:116,1
DA:117,1
DA:118,2
DA:119,1
DA:120,1
DA:121,1
DA:122,1
DA:123,1
DA:124,0
DA:125,0
DA:126,1
DA:127,1
DA:128,1
DA:129,1
DA:130,1
DA:131,1
DA:132,0
DA:133,0
DA:134,1
DA:135,1
DA:136,1
DA:137,1
DA:138,1
DA:139,1
DA:140,1
DA:141,4
DA:142,4
DA:143,1
LF:143
LH:120
BRDA:21,0,0,2
BRDA:31,1,0,0
BRDA:48,2,0,0
BRDA:57,3,0,4
BRDA:64,4,0,4
BRDA:74,5,0,2
BRDA:75,6,0,1
BRDA:91,7,0,2
BRDA:92,8,0,1
BRDA:109,9,0,2
BRDA:110,10,0,1
BRDA:140,11,0,4
BRF:12
BRH:10
end_of_record
